
> gavincaulfield.com@0.1.0 test
> react-scripts test --coverage

FAIL src/App.test.js
  ● Test suite failed to run

    Cannot find module '@testing-library/jest-dom' from 'src/setupTests.js'

    [0m [90m 3 |[39m [90m// expect(element).toHaveTextContent(/react/i)[39m
     [90m 4 |[39m [90m// learn more: https://github.com/testing-library/jest-dom[39m
    [31m[1m>[22m[39m[90m 5 |[39m [36mimport[39m [32m'@testing-library/jest-dom'[39m[33m;[39m
     [90m   |[39m [31m[1m^[22m[39m
     [90m 6 |[39m[0m

      at Resolver.resolveModule (node_modules/jest-resolve/build/resolver.js:324:11)
      at Object.<anonymous> (src/setupTests.js:5:1)
      at TestScheduler.scheduleTests (node_modules/@jest/core/build/TestScheduler.js:333:13)
      at runJest (node_modules/@jest/core/build/runJest.js:404:19)
      at _run10000 (node_modules/@jest/core/build/cli/index.js:320:7)
      at runCLI (node_modules/@jest/core/build/cli/index.js:173:3)

---------------------|---------|----------|---------|---------|-------------------
File                 | % Stmts | % Branch | % Funcs | % Lines | Uncovered Line #s 
---------------------|---------|----------|---------|---------|-------------------
All files            |       0 |        0 |       0 |       0 |                   
 src                 |       0 |        0 |       0 |       0 |                   
  App.js             |       0 |      100 |       0 |       0 | 12                
  index.js           |       0 |      100 |     100 |       0 | 8-18              
  reportWebVitals.js |       0 |        0 |       0 |       0 | 1-8               
 src/components      |       0 |        0 |       0 |       0 |                   
  HomeNavBar.tsx     |       0 |      100 |       0 |       0 | 6                 
  NavBar.tsx         |       0 |        0 |       0 |       0 | 6-12              
  Project.tsx        |       0 |        0 |       0 |       0 | 5-27              
  Skill.tsx          |       0 |        0 |       0 |       0 | 9-50              
  SkillsNavBar.tsx   |       0 |        0 |       0 |       0 | 7-21              
  StarRating.tsx     |       0 |        0 |       0 |       0 | 5-22              
 src/pages           |       0 |        0 |       0 |       0 |                   
  About.js           |       0 |        0 |       0 |       0 | 12-749            
  AccoladesPage.js   |       0 |        0 |       0 |       0 | 8-47              
  Experience.js      |       0 |        0 |       0 |       0 | 12-92             
  Home.js            |       0 |        0 |       0 |       0 | 12-164            
  ProjectPage.js     |       0 |        0 |       0 |       0 | 9-70              
  Resume.js          |       0 |      100 |       0 |       0 | 8-18              
  SkillsPage.js      |       0 |        0 |       0 |       0 | 10-48             
---------------------|---------|----------|---------|---------|-------------------
Test Suites: 1 failed, 1 total
Tests:       0 total
Snapshots:   0 total
Time:        3 s
Ran all test suites.
[0;33mOne of your dependencies, babel-preset-react-app, is importing the
"@babel/plugin-proposal-private-property-in-object" package without
declaring it in its dependencies. This is currently working because
"@babel/plugin-proposal-private-property-in-object" is already in your
node_modules folder for unrelated reasons, but it [1mmay break at any time[0;33m.

babel-preset-react-app is part of the create-react-app project, [1mwhich
is not maintianed anymore[0;33m. It is thus unlikely that this bug will
ever be fixed. Add "@babel/plugin-proposal-private-property-in-object" to
your devDependencies to work around this error. This will make this message
go away.[0m
  
